<?xml version="1.0" encoding="UTF-8"?>
<testng-results ignored="0" total="1" passed="1" failed="0" skipped="0">
  <reporter-output>
  </reporter-output>
  <suite started-at="2021-05-24T06:20:28 IST" name="Suite" finished-at="2021-05-24T06:20:37 IST" duration-ms="8841">
    <groups>
    </groups>
    <test started-at="2021-05-24T06:20:28 IST" name="LoginTest" finished-at="2021-05-24T06:20:37 IST" duration-ms="8841">
      <class name="com.Bankingproject.AppLoginTest">
        <test-method is-config="true" signature="setupAppSuite()[pri:0, instance:com.Bankingproject.AppLoginTest@76c3e77a]" started-at="2021-05-24T06:20:28 IST" name="setupAppSuite" finished-at="2021-05-24T06:20:28 IST" duration-ms="534" status="PASS">
          <reporter-output>
          </reporter-output>
        </test-method> <!-- setupAppSuite -->
        <test-method is-config="true" signature="launchbrowser()[pri:0, instance:com.Bankingproject.AppLoginTest@76c3e77a]" started-at="2021-05-24T06:20:28 IST" name="launchbrowser" finished-at="2021-05-24T06:20:34 IST" duration-ms="5830" status="PASS">
          <reporter-output>
          </reporter-output>
        </test-method> <!-- launchbrowser -->
        <test-method signature="verifyinvalidlogin()[pri:0, instance:com.Bankingproject.AppLoginTest@76c3e77a]" started-at="2021-05-24T06:20:34 IST" name="verifyinvalidlogin" finished-at="2021-05-24T06:20:36 IST" duration-ms="1665" status="PASS">
          <reporter-output>
          </reporter-output>
        </test-method> <!-- verifyinvalidlogin -->
        <test-method is-config="true" signature="closebrowser()[pri:0, instance:com.Bankingproject.AppLoginTest@76c3e77a]" started-at="2021-05-24T06:20:36 IST" name="closebrowser" finished-at="2021-05-24T06:20:37 IST" duration-ms="1260" status="PASS">
          <reporter-output>
          </reporter-output>
        </test-method> <!-- closebrowser -->
      </class> <!-- com.Bankingproject.AppLoginTest -->
    </test> <!-- LoginTest -->
  </suite> <!-- Suite -->
</testng-results>
